<?xml version="1.0" encoding="UTF-8"?>
<!-- Generated by org.testng.reporters.JUnitXMLReporter -->
<testsuite hostname="localhost.localdomain" ignored="0" name="Test One" tests="3" failures="0" timestamp="18 Dec 2017 11:17:29 GMT" time="0.02" errors="0">
  <testcase name="testOne" time="0.0" classname="org.testngrunner.TestcaseOne"/>
  <testcase name="testThree" time="0.0" classname="org.testngrunner.TestcaseOne"/>
  <testcase name="testTwo" time="0.0" classname="org.testngrunner.TestcaseOne"/>
</testsuite> <!-- Test One -->
