<?xml version="1.0" encoding="UTF-8"?>
<testng-results skipped="0" failed="0" ignored="0" total="3" passed="3">
  <reporter-output>
  </reporter-output>
  <suite name="TestNG crash course" duration-ms="20" started-at="2017-12-18T11:17:28Z" finished-at="2017-12-18T11:17:29Z">
    <groups>
    </groups>
    <test name="Test One" duration-ms="20" started-at="2017-12-18T11:17:28Z" finished-at="2017-12-18T11:17:29Z">
      <class name="org.testngrunner.TestcaseOne">
        <test-method status="PASS" signature="beforeClass()[pri:0, instance:org.testngrunner.TestcaseOne@9e89d68]" name="beforeClass" is-config="true" duration-ms="6" started-at="2017-12-18T06:17:28Z" finished-at="2017-12-18T06:17:29Z">
          <reporter-output>
          </reporter-output>
        </test-method> <!-- beforeClass -->
        <test-method status="PASS" signature="beforeMethod()[pri:0, instance:org.testngrunner.TestcaseOne@9e89d68]" name="beforeMethod" is-config="true" duration-ms="1" started-at="2017-12-18T06:17:29Z" finished-at="2017-12-18T06:17:29Z">
          <reporter-output>
          </reporter-output>
        </test-method> <!-- beforeMethod -->
        <test-method status="PASS" signature="afterMethod()[pri:0, instance:org.testngrunner.TestcaseOne@9e89d68]" name="afterMethod" is-config="true" duration-ms="0" started-at="2017-12-18T06:17:29Z" finished-at="2017-12-18T06:17:29Z">
          <reporter-output>
          </reporter-output>
        </test-method> <!-- afterMethod -->
        <test-method status="PASS" signature="testOne()[pri:0, instance:org.testngrunner.TestcaseOne@9e89d68]" name="testOne" duration-ms="0" started-at="2017-12-18T06:17:29Z" finished-at="2017-12-18T06:17:29Z">
          <reporter-output>
          </reporter-output>
        </test-method> <!-- testOne -->
        <test-method status="PASS" signature="afterMethod()[pri:0, instance:org.testngrunner.TestcaseOne@9e89d68]" name="afterMethod" is-config="true" duration-ms="0" started-at="2017-12-18T06:17:29Z" finished-at="2017-12-18T06:17:29Z">
          <reporter-output>
          </reporter-output>
        </test-method> <!-- afterMethod -->
        <test-method status="PASS" signature="testThree()[pri:0, instance:org.testngrunner.TestcaseOne@9e89d68]" name="testThree" duration-ms="0" started-at="2017-12-18T06:17:29Z" finished-at="2017-12-18T06:17:29Z">
          <reporter-output>
          </reporter-output>
        </test-method> <!-- testThree -->
        <test-method status="PASS" signature="beforeMethod()[pri:0, instance:org.testngrunner.TestcaseOne@9e89d68]" name="beforeMethod" is-config="true" duration-ms="1" started-at="2017-12-18T06:17:29Z" finished-at="2017-12-18T06:17:29Z">
          <reporter-output>
          </reporter-output>
        </test-method> <!-- beforeMethod -->
        <test-method status="PASS" signature="beforeMethod()[pri:0, instance:org.testngrunner.TestcaseOne@9e89d68]" name="beforeMethod" is-config="true" duration-ms="0" started-at="2017-12-18T06:17:29Z" finished-at="2017-12-18T06:17:29Z">
          <reporter-output>
          </reporter-output>
        </test-method> <!-- beforeMethod -->
        <test-method status="PASS" signature="afterClass()[pri:0, instance:org.testngrunner.TestcaseOne@9e89d68]" name="afterClass" is-config="true" duration-ms="0" started-at="2017-12-18T06:17:29Z" finished-at="2017-12-18T06:17:29Z">
          <reporter-output>
          </reporter-output>
        </test-method> <!-- afterClass -->
        <test-method status="PASS" signature="afterMethod()[pri:0, instance:org.testngrunner.TestcaseOne@9e89d68]" name="afterMethod" is-config="true" duration-ms="0" started-at="2017-12-18T06:17:29Z" finished-at="2017-12-18T06:17:29Z">
          <reporter-output>
          </reporter-output>
        </test-method> <!-- afterMethod -->
        <test-method status="PASS" signature="testTwo()[pri:0, instance:org.testngrunner.TestcaseOne@9e89d68]" name="testTwo" duration-ms="0" started-at="2017-12-18T06:17:29Z" finished-at="2017-12-18T06:17:29Z">
          <reporter-output>
          </reporter-output>
        </test-method> <!-- testTwo -->
      </class> <!-- org.testngrunner.TestcaseOne -->
    </test> <!-- Test One -->
  </suite> <!-- TestNG crash course -->
</testng-results>
